<?xml version="1.0" encoding="UTF-8"?>
<testng-results ignored="0" total="1" passed="1" failed="0" skipped="0">
  <reporter-output>
  </reporter-output>
  <suite started-at="2023-05-23T22:49:14 CEST" name="All Pet Store Tests" finished-at="2023-05-23T22:49:36 CEST" duration-ms="22254">
    <groups>
    </groups>
    <test started-at="2023-05-23T22:49:14 CEST" name="Positive Login Tests" finished-at="2023-05-23T22:49:36 CEST" duration-ms="22254">
      <class name="tests.CorrectLoginTests">
        <test-method is-config="true" signature="beforeClass()[pri:0, instance:tests.CorrectLoginTests@6a1ef65c]" started-at="2023-05-23T22:49:14 CEST" name="beforeClass" finished-at="2023-05-23T22:49:14 CEST" duration-ms="79" status="PASS">
          <reporter-output>
          </reporter-output>
        </test-method> <!-- beforeClass -->
        <test-method is-config="true" signature="beforeTest(driver.BrowserType)[pri:0, instance:tests.CorrectLoginTests@6a1ef65c]" started-at="2023-05-23T22:49:14 CEST" name="beforeTest" finished-at="2023-05-23T22:49:26 CEST" duration-ms="12267" status="PASS">
          <params>
            <param index="0">
              <value>
                <![CDATA[CHROME]]>
              </value>
            </param>
          </params>
          <reporter-output>
          </reporter-output>
        </test-method> <!-- beforeTest -->
        <test-method signature="asUserTryToLoginWithCorrectLoginAndPassword()[pri:0, instance:tests.CorrectLoginTests@6a1ef65c]" started-at="2023-05-23T22:49:27 CEST" name="asUserTryToLoginWithCorrectLoginAndPassword" finished-at="2023-05-23T22:49:34 CEST" duration-ms="6688" status="PASS">
          <reporter-output>
          </reporter-output>
        </test-method> <!-- asUserTryToLoginWithCorrectLoginAndPassword -->
        <test-method is-config="true" signature="afterTest()[pri:0, instance:tests.CorrectLoginTests@6a1ef65c]" started-at="2023-05-23T22:49:34 CEST" name="afterTest" finished-at="2023-05-23T22:49:36 CEST" duration-ms="2493" status="PASS">
          <reporter-output>
          </reporter-output>
        </test-method> <!-- afterTest -->
      </class> <!-- tests.CorrectLoginTests -->
    </test> <!-- Positive Login Tests -->
  </suite> <!-- All Pet Store Tests -->
</testng-results>
