<?xml version="1.0" encoding="UTF-8"?>
<testsuite xmlns:xsi="http://www.w3.org/2001/XMLSchema-instance" xsi:noNamespaceSchemaLocation="https://maven.apache.org/surefire/maven-surefire-plugin/xsd/surefire-test-report-3.0.xsd" version="3.0" name="TestSuite" time="26.182" tests="7" errors="0" skipped="5" failures="1">
  <properties>
[...]
</properties>
  <testcase name="asUserTryToLoginWithIncorrectLoginAndPassword" classname="tests.FailedLoginTests" time="0">
    <skipped message="Element text was &lt;Invalid username or password. Signon failed.&gt; expecting to be &lt;TEMPInvalid username or password. Signon failed.&gt;!"/>
    <system-out><![CDATA[[INFO ] 2023-05-23 22:49:14.597 [TestNG-tests-2] configuration.PropertiesLoader - Trying to load properties with file name:configuration.properties
[INFO ] 2023-05-23 22:49:14.597 [TestNG-tests-1] configuration.PropertiesLoader - Trying to load properties with file name:configuration.properties
[INFO ] 2023-05-23 22:49:14.607 [TestNG-tests-2] configuration.PropertiesLoader - Successfully loaded properties for file: configuration.properties
[INFO ] 2023-05-23 22:49:14.608 [TestNG-tests-1] configuration.PropertiesLoader - Successfully loaded properties for file: configuration.properties
[INFO ] 2023-05-23 22:49:27.719 [TestNG-tests-2] utils.testng.listeners.TestListener - Starting test: asUserTryToLoginWithCorrectLoginAndPassword
[INFO ] 2023-05-23 22:49:27.786 [TestNG-tests-1] utils.testng.listeners.TestListener - Starting test: asUserTryToLoginWithIncorrectLoginAndPassword
[INFO ] 2023-05-23 22:49:28.786 [TestNG-tests-1] driver.listeners.DriverEventListener - Trying to find WebElement with locator By.name: username
[INFO ] 2023-05-23 22:49:28.936 [TestNG-tests-1] driver.listeners.DriverEventListener - Found WebElement with locator + By.name: username
[INFO ] 2023-05-23 22:49:29.023 [TestNG-tests-1] driver.listeners.DriverEventListener - Trying to find WebElement with locator By.name: username
[INFO ] 2023-05-23 22:49:29.131 [TestNG-tests-1] driver.listeners.DriverEventListener - Found WebElement with locator + By.name: username
[INFO ] 2023-05-23 22:49:29.132 [TestNG-tests-1] driver.listeners.DriverEventListener - Trying to type text [NotExistingUserName]
[INFO ] 2023-05-23 22:49:29.365 [TestNG-tests-1] driver.listeners.DriverEventListener - Typed text [NotExistingUserName]
[INFO ] 2023-05-23 22:49:29.405 [TestNG-tests-1] page.objects.LoginPage - Typed into User Name Field NotExistingUserName
[INFO ] 2023-05-23 22:49:29.408 [TestNG-tests-1] driver.listeners.DriverEventListener - Trying to find WebElement with locator By.name: password
[INFO ] 2023-05-23 22:49:29.492 [TestNG-tests-1] driver.listeners.DriverEventListener - Found WebElement with locator + By.name: password
[INFO ] 2023-05-23 22:49:29.580 [TestNG-tests-1] driver.listeners.DriverEventListener - Trying to find WebElement with locator By.name: password
[INFO ] 2023-05-23 22:49:29.636 [TestNG-tests-1] driver.listeners.DriverEventListener - Found WebElement with locator + By.name: password
[INFO ] 2023-05-23 22:49:29.637 [TestNG-tests-1] driver.listeners.DriverEventListener - Trying to type text [NotCorrectPassword]
[INFO ] 2023-05-23 22:49:29.690 [TestNG-tests-1] driver.listeners.DriverEventListener - Typed text [NotCorrectPassword]
[INFO ] 2023-05-23 22:49:29.691 [TestNG-tests-1] page.objects.LoginPage - Typed into Password Field NotCorrectPassword
[INFO ] 2023-05-23 22:49:29.692 [TestNG-tests-1] driver.listeners.DriverEventListener - Trying to find WebElement with locator By.name: signon
[INFO ] 2023-05-23 22:49:29.788 [TestNG-tests-1] driver.listeners.DriverEventListener - Found WebElement with locator + By.name: signon
[INFO ] 2023-05-23 22:49:29.789 [TestNG-tests-1] driver.listeners.DriverEventListener - Trying to click WebElement
[INFO ] 2023-05-23 22:49:30.029 [TestNG-tests-1] driver.listeners.DriverEventListener - Clicked WebElement
[INFO ] 2023-05-23 22:49:30.030 [TestNG-tests-1] page.objects.LoginPage - Clicked on Login Button
[INFO ] 2023-05-23 22:49:30.124 [TestNG-tests-1] page.objects.LoginPage - Checking if warning message TEMPInvalid username or password. Signon failed. is displayed
[INFO ] 2023-05-23 22:49:30.124 [TestNG-tests-1] driver.listeners.DriverEventListener - Trying to find WebElement with locator By.cssSelector: #Content ul[class='messages'] li
[INFO ] 2023-05-23 22:49:30.357 [TestNG-tests-1] driver.listeners.DriverEventListener - Found WebElement with locator + By.cssSelector: #Content ul[class='messages'] li
[INFO ] 2023-05-23 22:49:30.709 [TestNG-tests-1] generic.assertions.AssertWebElement - Checking if element is displayed
[INFO ] 2023-05-23 22:49:30.710 [TestNG-tests-1] driver.listeners.DriverEventListener - Trying to find WebElement with locator By.cssSelector: #Content ul[class='messages'] li
[INFO ] 2023-05-23 22:49:30.781 [TestNG-tests-1] driver.listeners.DriverEventListener - Found WebElement with locator + By.cssSelector: #Content ul[class='messages'] li
[INFO ] 2023-05-23 22:49:30.818 [TestNG-tests-1] generic.assertions.AssertWebElement - WebElement was displayed!
[INFO ] 2023-05-23 22:49:30.819 [TestNG-tests-1] generic.assertions.AssertWebElement - Checking if element has text: TEMPInvalid username or password. Signon failed.
[INFO ] 2023-05-23 22:49:30.819 [TestNG-tests-1] driver.listeners.DriverEventListener - Trying to find WebElement with locator By.cssSelector: #Content ul[class='messages'] li
[INFO ] 2023-05-23 22:49:30.884 [TestNG-tests-1] driver.listeners.DriverEventListener - Found WebElement with locator + By.cssSelector: #Content ul[class='messages'] li
[INFO ] 2023-05-23 22:49:30.960 [TestNG-tests-1] utils.testng.listeners.RetryAnalyzer - Retrying test method asUserTryToLoginWithIncorrectLoginAndPassword
[INFO ] 2023-05-23 22:49:30.961 [TestNG-tests-1] utils.testng.listeners.TestListener - Test asUserTryToLoginWithIncorrectLoginAndPassword skipped!
]]></system-out>
    <system-err><![CDATA[Starting ChromeDriver 112.0.5615.49 (bd2a7bcb881c11e8cfe3078709382934e3916914-refs/branch-heads/5615@{#936}) on port 9742
Only local connections are allowed.
Please see https://chromedriver.chromium.org/security-considerations for suggestions on keeping ChromeDriver safe.
ChromeDriver was started successfully.
1684874955814	geckodriver	INFO	Listening on 127.0.0.1:41567
1684874956843	mozrunner::runner	INFO	Running command: "C:\\Program Files\\Mozilla Firefox\\firefox.exe" "--marionette" "--remote-debugging-port" "46246" "--remote ... localhost:46246/,http://[::1]:46246/" "-no-remote" "-profile" "C:\\Users\\mdela\\AppData\\Local\\Temp\\rust_mozprofileFhmy23"
console.warn: services.settings: Ignoring preference override of remote settings server
console.warn: services.settings: Allow by setting MOZ_REMOTE_SETTINGS_DEVTOOLS=1 in the environment
[1684874958.046][WARNING]: This version of ChromeDriver has not been tested with Chrome version 113.
1684874958915	Marionette	INFO	Marionette enabled
Dynamically enable window occlusion 0
1684874959077	Marionette	INFO	Listening on port 58818
Read port: 58818
WebDriver BiDi listening on ws://127.0.0.1:46246
1684874959745	RemoteAgent	WARN	TLS certificate errors will be ignored for this session
maj 23, 2023 10:49:20 PM org.openqa.selenium.devtools.CdpVersionFinder findNearestMatch
WARNING: Unable to find an exact match for CDP version 113, so returning the closest version found: 110
[ERROR glean_core] Error setting metrics feature config: Json(Error("EOF while parsing a value", line: 1, column: 0))
DevTools listening on ws://127.0.0.1:46246/devtools/browser/1453737c-c52a-411c-ab52-842342652025
console.warn: LoginRecipes: "Falling back to a synchronous message for: http://przyklady.javastart.pl."
]]></system-err>
  </testcase>
  <testcase name="asUserTryToLoginWithIncorrectLoginAndPassword" classname="tests.FailedLoginTests" time="0">
    <skipped message="Session ID is null. Using WebDriver after calling quit()?&#10;Build info: version: &apos;4.8.1&apos;, revision: &apos;8ebccac989&apos;&#10;System info: os.name: &apos;Windows 10&apos;, os.arch: &apos;amd64&apos;, os.version: &apos;10.0&apos;, java.version: &apos;15.0.1&apos;&#10;Driver info: org.openqa.selenium.firefox.FirefoxDriver&#10;Command: [null, get {url=http://przyklady.javastart.pl/jpetstore/actions/Account.action?signonForm=}]&#10;Capabilities {acceptInsecureCerts: true, browserName: firefox, browserVersion: 113.0.2, moz:accessibilityChecks: false, moz:buildID: 20230522134052, moz:debuggerAddress: 127.0.0.1:46246, moz:geckodriverVersion: 0.33.0, moz:headless: false, moz:platformVersion: 10.0, moz:processID: 8052, moz:profile: C:\Users\mdela\AppData\Loca..., moz:shutdownTimeout: 60000, moz:useNonSpecCompliantPointerOrigin: false, moz:webdriverClick: true, moz:windowless: false, pageLoadStrategy: normal, platformName: WINDOWS, proxy: Proxy(), se:cdp: ws://127.0.0.1:46246/devtoo..., se:cdpVersion: 85.0, setWindowRect: true, strictFileInteractability: false, timeouts: {implicit: 0, pageLoad: 300000, script: 30000}, unhandledPromptBehavior: dismiss and notify}"/>
    <system-out><![CDATA[[INFO ] 2023-05-23 22:49:35.684 [TestNG-tests-1] utils.testng.listeners.TestListener - Starting test: asUserTryToLoginWithIncorrectLoginAndPassword
[INFO ] 2023-05-23 22:49:35.763 [TestNG-tests-1] utils.testng.listeners.RetryAnalyzer - Retrying test method asUserTryToLoginWithIncorrectLoginAndPassword
[INFO ] 2023-05-23 22:49:35.763 [TestNG-tests-1] utils.testng.listeners.TestListener - Test asUserTryToLoginWithIncorrectLoginAndPassword skipped!
]]></system-out>
  </testcase>
  <testcase name="afterTest" classname="tests.FailedLoginTests" time="7.373">
    <failure message="Tried to run command without establishing a connection&#10;Build info: version: &apos;4.8.1&apos;, revision: &apos;8ebccac989&apos;&#10;System info: os.name: &apos;Windows 10&apos;, os.arch: &apos;amd64&apos;, os.version: &apos;10.0&apos;, java.version: &apos;15.0.1&apos;&#10;Driver info: org.openqa.selenium.firefox.FirefoxDriver&#10;Command: [e82d122c-0675-4235-854e-3504610b2809, quit {}]&#10;Capabilities {acceptInsecureCerts: true, browserName: firefox, browserVersion: 113.0.2, moz:accessibilityChecks: false, moz:buildID: 20230522134052, moz:debuggerAddress: 127.0.0.1:46246, moz:geckodriverVersion: 0.33.0, moz:headless: false, moz:platformVersion: 10.0, moz:processID: 8052, moz:profile: C:\Users\mdela\AppData\Loca..., moz:shutdownTimeout: 60000, moz:useNonSpecCompliantPointerOrigin: false, moz:webdriverClick: true, moz:windowless: false, pageLoadStrategy: normal, platformName: WINDOWS, proxy: Proxy(), se:cdp: ws://127.0.0.1:46246/devtoo..., se:cdpVersion: 85.0, setWindowRect: true, strictFileInteractability: false, timeouts: {implicit: 0, pageLoad: 300000, script: 30000}, unhandledPromptBehavior: dismiss and notify}&#10;Session ID: e82d122c-0675-4235-854e-3504610b2809" type="org.openqa.selenium.NoSuchSessionException"><![CDATA[org.openqa.selenium.NoSuchSessionException: 
Tried to run command without establishing a connection
Build info: version: '4.8.1', revision: '8ebccac989'
System info: os.name: 'Windows 10', os.arch: 'amd64', os.version: '10.0', java.version: '15.0.1'
Driver info: org.openqa.selenium.firefox.FirefoxDriver
Command: [e82d122c-0675-4235-854e-3504610b2809, quit {}]
Capabilities {acceptInsecureCerts: true, browserName: firefox, browserVersion: 113.0.2, moz:accessibilityChecks: false, moz:buildID: 20230522134052, moz:debuggerAddress: 127.0.0.1:46246, moz:geckodriverVersion: 0.33.0, moz:headless: false, moz:platformVersion: 10.0, moz:processID: 8052, moz:profile: C:\Users\mdela\AppData\Loca..., moz:shutdownTimeout: 60000, moz:useNonSpecCompliantPointerOrigin: false, moz:webdriverClick: true, moz:windowless: false, pageLoadStrategy: normal, platformName: WINDOWS, proxy: Proxy(), se:cdp: ws://127.0.0.1:46246/devtoo..., se:cdpVersion: 85.0, setWindowRect: true, strictFileInteractability: false, timeouts: {implicit: 0, pageLoad: 300000, script: 30000}, unhandledPromptBehavior: dismiss and notify}
Session ID: e82d122c-0675-4235-854e-3504610b2809
]]></failure>
    <system-err><![CDATA[JavaScript error: resource://gre/modules/AsyncShutdown.sys.mjs, line 727: Error: Phase "profile-before-change" is finished, it is too late to register completion condition "OS.File: flush I/O queued before profileBeforeChange"
JavaScript error: resource://gre/modules/AsyncShutdown.sys.mjs, line 727: Error: Phase "profile-before-change" is finished, it is too late to register completion condition "OS.File: flush I/O queued before profileBeforeChange"
JavaScript error: resource://gre/modules/AsyncShutdown.sys.mjs, line 727: Error: Phase "profile-before-change" is finished, it is too late to register completion condition "OS.File: flush I/O queued before profileBeforeChange"
JavaScript error: resource://gre/modules/AsyncShutdown.sys.mjs, line 727: Error: Phase "profile-before-change" is finished, it is too late to register completion condition "OS.File: flush I/O queued before profileBeforeChange"
JavaScript error: resource://gre/modules/AsyncShutdown.sys.mjs, line 727: Error: Phase "profile-before-change" is finished, it is too late to register completion condition "OS.File: flush I/O queued before profileBeforeChange"
JavaScript error: resource://gre/modules/AsyncShutdown.sys.mjs, line 727: Error: Phase "profile-before-change" is finished, it is too late to register completion condition "OS.File: flush I/O queued before profileBeforeChange"
maj 23, 2023 10:49:34 PM org.openqa.selenium.remote.http.WebSocket$Listener onError
WARNING: Connection reset
java.net.SocketException: Connection reset
	at java.base/sun.nio.ch.SocketChannelImpl.throwConnectionReset(SocketChannelImpl.java:367)
	at java.base/sun.nio.ch.SocketChannelImpl.read(SocketChannelImpl.java:398)
	at java.net.http/jdk.internal.net.http.SocketTube.readAvailable(SocketTube.java:1153)
	at java.net.http/jdk.internal.net.http.SocketTube$InternalReadPublisher$InternalReadSubscription.read(SocketTube.java:821)
	at java.net.http/jdk.internal.net.http.SocketTube$SocketFlowTask.run(SocketTube.java:175)
	at java.net.http/jdk.internal.net.http.common.SequentialScheduler$SchedulableTask.run(SequentialScheduler.java:198)
	at java.net.http/jdk.internal.net.http.common.SequentialScheduler.runOrSchedule(SequentialScheduler.java:271)
	at java.net.http/jdk.internal.net.http.common.SequentialScheduler.runOrSchedule(SequentialScheduler.java:224)
	at java.net.http/jdk.internal.net.http.SocketTube$InternalReadPublisher$InternalReadSubscription.signalReadable(SocketTube.java:763)
	at java.net.http/jdk.internal.net.http.SocketTube$InternalReadPublisher$ReadEvent.signalEvent(SocketTube.java:941)
	at java.net.http/jdk.internal.net.http.SocketTube$SocketFlowEvent.handle(SocketTube.java:245)
	at java.net.http/jdk.internal.net.http.HttpClientImpl$SelectorManager.handleEvent(HttpClientImpl.java:956)
	at java.net.http/jdk.internal.net.http.HttpClientImpl$SelectorManager.lambda$run$3(HttpClientImpl.java:911)
	at java.base/java.util.ArrayList.forEach(ArrayList.java:1511)
	at java.net.http/jdk.internal.net.http.HttpClientImpl$SelectorManager.run(HttpClientImpl.java:911)

]]></system-err>
  </testcase>
  <testcase name="afterTest" classname="tests.FailedLoginTests" time="0">
    <skipped/>
  </testcase>
  <testcase name="beforeTest" classname="tests.FailedLoginTests" time="0">
    <skipped/>
  </testcase>
  <testcase name="beforeTest" classname="tests.FailedLoginTests" time="0">
    <skipped/>
  </testcase>
  <testcase name="asUserTryToLoginWithCorrectLoginAndPassword" classname="tests.CorrectLoginTests" time="5.876">
    <system-out><![CDATA[[INFO ] 2023-05-23 22:49:32.400 [TestNG-tests-2] driver.listeners.DriverEventListener - Trying to find WebElement with locator By.name: username
[INFO ] 2023-05-23 22:49:32.455 [TestNG-tests-2] driver.listeners.DriverEventListener - Found WebElement with locator + By.name: username
[INFO ] 2023-05-23 22:49:32.507 [TestNG-tests-2] driver.listeners.DriverEventListener - Trying to find WebElement with locator By.name: username
[INFO ] 2023-05-23 22:49:32.551 [TestNG-tests-2] driver.listeners.DriverEventListener - Found WebElement with locator + By.name: username
[INFO ] 2023-05-23 22:49:32.552 [TestNG-tests-2] driver.listeners.DriverEventListener - Trying to type text [j2ee]
[INFO ] 2023-05-23 22:49:32.622 [TestNG-tests-2] driver.listeners.DriverEventListener - Typed text [j2ee]
[INFO ] 2023-05-23 22:49:32.622 [TestNG-tests-2] page.objects.LoginPage - Typed into User Name Field j2ee
[INFO ] 2023-05-23 22:49:32.622 [TestNG-tests-2] driver.listeners.DriverEventListener - Trying to find WebElement with locator By.name: password
[INFO ] 2023-05-23 22:49:32.690 [TestNG-tests-2] driver.listeners.DriverEventListener - Found WebElement with locator + By.name: password
[INFO ] 2023-05-23 22:49:32.792 [TestNG-tests-2] driver.listeners.DriverEventListener - Trying to find WebElement with locator By.name: password
[INFO ] 2023-05-23 22:49:32.854 [TestNG-tests-2] driver.listeners.DriverEventListener - Found WebElement with locator + By.name: password
[INFO ] 2023-05-23 22:49:32.854 [TestNG-tests-2] driver.listeners.DriverEventListener - Trying to type text [j2ee]
[INFO ] 2023-05-23 22:49:32.990 [TestNG-tests-2] driver.listeners.DriverEventListener - Typed text [j2ee]
[INFO ] 2023-05-23 22:49:32.991 [TestNG-tests-2] page.objects.LoginPage - Typed into Password Field j2ee
[INFO ] 2023-05-23 22:49:32.991 [TestNG-tests-2] driver.listeners.DriverEventListener - Trying to find WebElement with locator By.name: signon
[INFO ] 2023-05-23 22:49:33.087 [TestNG-tests-2] driver.listeners.DriverEventListener - Found WebElement with locator + By.name: signon
[INFO ] 2023-05-23 22:49:33.088 [TestNG-tests-2] driver.listeners.DriverEventListener - Trying to click WebElement
[INFO ] 2023-05-23 22:49:33.953 [TestNG-tests-2] driver.listeners.DriverEventListener - Clicked WebElement
[INFO ] 2023-05-23 22:49:33.954 [TestNG-tests-2] page.objects.LoginPage - Clicked on Login Button
[INFO ] 2023-05-23 22:49:33.955 [TestNG-tests-2] page.objects.FooterPage - Checking if dog banner is displayed
[INFO ] 2023-05-23 22:49:33.956 [TestNG-tests-2] driver.listeners.DriverEventListener - Trying to find WebElement with locator By.cssSelector: #Banner img[src*='dog']
[INFO ] 2023-05-23 22:49:34.042 [TestNG-tests-2] driver.listeners.DriverEventListener - Found WebElement with locator + By.cssSelector: #Banner img[src*='dog']
[INFO ] 2023-05-23 22:49:34.103 [TestNG-tests-2] generic.assertions.AssertWebElement - Checking if element is displayed
[INFO ] 2023-05-23 22:49:34.103 [TestNG-tests-2] driver.listeners.DriverEventListener - Trying to find WebElement with locator By.cssSelector: #Banner img[src*='dog']
[INFO ] 2023-05-23 22:49:34.173 [TestNG-tests-2] driver.listeners.DriverEventListener - Found WebElement with locator + By.cssSelector: #Banner img[src*='dog']
[INFO ] 2023-05-23 22:49:34.209 [TestNG-tests-2] generic.assertions.AssertWebElement - WebElement was displayed!
[INFO ] 2023-05-23 22:49:34.213 [TestNG-tests-2] utils.testng.listeners.TestListener - Test asUserTryToLoginWithCorrectLoginAndPassword passed successfully
]]></system-out>
    <system-err><![CDATA[1684874971125	RemoteAgent	INFO	Perform WebSocket upgrade for incoming connection from 127.0.0.1:58864
1684874971134	CDP	WARN	Invalid browser preferences for CDP. Set "fission.webContentIsolationStrategy"to 0 and "fission.bfcacheInParent" to false before Firefox starts.
1684874971165	Marionette	INFO	Stopped listening on port 58818
[Child 20304, Main Thread] WARNING: JSWindowActorChild::SendRawMessage (Conduits, ConduitClosed) not sent: !CanSend() || !mManager || !mManager->CanSend(): file /builds/worker/checkouts/gecko/dom/ipc/jsactor/JSWindowActorChild.cpp:57
[Child 20304, Main Thread] WARNING: JSWindowActorChild::SendRawMessage (Conduits, ConduitClosed) not sent: !CanSend() || !mManager || !mManager->CanSend(): file /builds/worker/checkouts/gecko/dom/ipc/jsactor/JSWindowActorChild.cpp:57
[Child 20304, Main Thread] WARNING: JSWindowActorChild::SendRawMessage (Conduits, ConduitClosed) not sent: !CanSend() || !mManager || !mManager->CanSend(): file /builds/worker/checkouts/gecko/dom/ipc/jsactor/JSWindowActorChild.cpp:57
[Child 20304, Main Thread] WARNING: JSWindowActorChild::SendRawMessage (Conduits, ConduitClosed) not sent: !CanSend() || !mManager || !mManager->CanSend(): file /builds/worker/checkouts/gecko/dom/ipc/jsactor/JSWindowActorChild.cpp:57
[Child 20304, Main Thread] WARNING: JSWindowActorChild::SendRawMessage (Conduits, ConduitClosed) not sent: !CanSend() || !mManager || !mManager->CanSend(): file /builds/worker/checkouts/gecko/dom/ipc/jsactor/JSWindowActorChild.cpp:57
[Child 20304, Main Thread] WARNING: JSWindowActorChild::SendRawMessage (Conduits, ConduitClosed) not sent: !CanSend() || !mManager || !mManager->CanSend(): file /builds/worker/checkouts/gecko/dom/ipc/jsactor/JSWindowActorChild.cpp:57
[Child 20304, Main Thread] WARNING: JSWindowActorChild::SendRawMessage (Conduits, ConduitClosed) not sent: !CanSend() || !mManager || !mManager->CanSend(): file /builds/worker/checkouts/gecko/dom/ipc/jsactor/JSWindowActorChild.cpp:57
[Child 20304, Main Thread] WARNING: JSWindowActorChild::SendRawMessage (Conduits, ConduitClosed) not sent: !CanSend() || !mManager || !mManager->CanSend(): file /builds/worker/checkouts/gecko/dom/ipc/jsactor/JSWindowActorChild.cpp:57
Dynamically enable window occlusion 1
!!! error running onStopped callback: TypeError: callback is not a function
WARNING: A blocker encountered an error while we were waiting.
          Blocker:  Waiting for ping task
          Phase: TelemetryController: Waiting for pending ping activity
          State: (none)
WARNING: Error: Phase "profile-before-change" is finished, it is too late to register completion condition "OS.File: flush I/O queued before profileBeforeChange"
WARNING: addBlocker@resource://gre/modules/AsyncShutdown.sys.mjs:727:15
addBlocker@resource://gre/modules/AsyncShutdown.sys.mjs:523:26
addBlocker@resource://gre/modules/AsyncShutdown.sys.mjs:458:15
setupShutdown@resource://gre/modules/osfile/osfile_async_front.jsm:1548:28
@resource://gre/modules/osfile/osfile_async_front.jsm:1568:16
@resource://gre/modules/osfile.jsm:12:30
@resource://gre/modules/TelemetryStorage.sys.mjs:10:28
_checkPendingPings@resource://gre/modules/TelemetrySend.sys.mjs:859:17
setup@resource://gre/modules/TelemetrySend.sys.mjs:799:18
setup@resource://gre/modules/TelemetrySend.sys.mjs:237:30
setupTelemetry/this._delayedInitTask<@resource://gre/modules/TelemetryControllerParent.sys.mjs:824:36
observe@resource://gre/modules/AsyncShutdown.sys.mjs:576:16

console.error: "TelemetryScheduler.shutdown - Already shut down"
WARNING: A blocker encountered an error while we were waiting.
          Blocker:  Waiting for ping task
          Phase: TelemetryController: Waiting for pending ping activity
          State: (none)
WARNING: Error: Phase "profile-before-change" is finished, it is too late to register completion condition "OS.File: flush I/O queued before profileBeforeChange"
WARNING: addBlocker@resource://gre/modules/AsyncShutdown.sys.mjs:727:15
addBlocker@resource://gre/modules/AsyncShutdown.sys.mjs:523:26
addBlocker@resource://gre/modules/AsyncShutdown.sys.mjs:458:15
setupShutdown@resource://gre/modules/osfile/osfile_async_front.jsm:1548:28
@resource://gre/modules/osfile/osfile_async_front.jsm:1568:16
@resource://gre/modules/osfile.jsm:12:30
@resource://gre/modules/TelemetryStorage.sys.mjs:10:28
_checkPendingPings@resource://gre/modules/TelemetrySend.sys.mjs:859:17
setup@resource://gre/modules/TelemetrySend.sys.mjs:799:18
setup@resource://gre/modules/TelemetrySend.sys.mjs:237:30
setupTelemetry/this._delayedInitTask<@resource://gre/modules/TelemetryControllerParent.sys.mjs:824:36
observe@resource://gre/modules/AsyncShutdown.sys.mjs:576:16

WARNING: A blocker encountered an error while we were waiting.
          Blocker:  Waiting for ping task
          Phase: TelemetryController: Waiting for pending ping activity
          State: (none)
WARNING: Error: Phase "profile-before-change" is finished, it is too late to register completion condition "OS.File: flush I/O queued before profileBeforeChange"
WARNING: addBlocker@resource://gre/modules/AsyncShutdown.sys.mjs:727:15
addBlocker@resource://gre/modules/AsyncShutdown.sys.mjs:523:26
addBlocker@resource://gre/modules/AsyncShutdown.sys.mjs:458:15
setupShutdown@resource://gre/modules/osfile/osfile_async_front.jsm:1548:28
@resource://gre/modules/osfile/osfile_async_front.jsm:1568:16
@resource://gre/modules/osfile.jsm:12:30
@resource://gre/modules/TelemetryStorage.sys.mjs:10:28
_checkPendingPings@resource://gre/modules/TelemetrySend.sys.mjs:859:17
setup@resource://gre/modules/TelemetrySend.sys.mjs:799:18
setup@resource://gre/modules/TelemetrySend.sys.mjs:237:30
setupTelemetry/this._delayedInitTask<@resource://gre/modules/TelemetryControllerParent.sys.mjs:824:36
observe@resource://gre/modules/AsyncShutdown.sys.mjs:576:16

WARNING: A blocker encountered an error while we were waiting.
          Blocker:  TelemetryController: shutting down
          Phase: profile-before-change-telemetry
          State: Error getting state: Error: Phase "profile-before-change" is finished, it is too late to register completion condition "OS.File: flush I/O queued before profileBeforeChange" at addBlocker@resource://gre/modules/AsyncShutdown.sys.mjs:727:15
addBlocker@resource://gre/modules/AsyncShutdown.sys.mjs:523:26
addBlocker@resource://gre/modules/AsyncShutdown.sys.mjs:458:15
setupShutdown@resource://gre/modules/osfile/osfile_async_front.jsm:1548:28
@resource://gre/modules/osfile/osfile_async_front.jsm:1568:16
@resource://gre/modules/osfile.jsm:12:30
@resource://gre/modules/TelemetryStorage.sys.mjs:10:28
_checkPendingPings@resource://gre/modules/TelemetrySend.sys.mjs:859:17
setup@resource://gre/modules/TelemetrySend.sys.mjs:799:18
setup@resource://gre/modules/TelemetrySend.sys.mjs:237:30
setupTelemetry/this._delayedInitTask<@resource://gre/modules/TelemetryControllerParent.sys.mjs:824:36
observe@resource://gre/modules/AsyncShutdown.sys.mjs:576:16

WARNING: Error: Phase "profile-before-change" is finished, it is too late to register completion condition "OS.File: flush I/O queued before profileBeforeChange"
WARNING: addBlocker@resource://gre/modules/AsyncShutdown.sys.mjs:727:15
addBlocker@resource://gre/modules/AsyncShutdown.sys.mjs:523:26
addBlocker@resource://gre/modules/AsyncShutdown.sys.mjs:458:15
setupShutdown@resource://gre/modules/osfile/osfile_async_front.jsm:1548:28
@resource://gre/modules/osfile/osfile_async_front.jsm:1568:16
@resource://gre/modules/osfile.jsm:12:30
@resource://gre/modules/TelemetryStorage.sys.mjs:10:28
_checkPendingPings@resource://gre/modules/TelemetrySend.sys.mjs:859:17
setup@resource://gre/modules/TelemetrySend.sys.mjs:799:18
setup@resource://gre/modules/TelemetrySend.sys.mjs:237:30
setupTelemetry/this._delayedInitTask<@resource://gre/modules/TelemetryControllerParent.sys.mjs:824:36
observe@resource://gre/modules/AsyncShutdown.sys.mjs:576:16

]]></system-err>
  </testcase>
</testsuite>